<?xml version="1.0" encoding="UTF-8"?>
<coverage generated="1778313757125" clover="3.2.0">
  <project timestamp="1778313757125" name="All files">
    <metrics statements="182" coveredstatements="0" conditionals="119" coveredconditionals="0" methods="17" coveredmethods="0" elements="318" coveredelements="0" complexity="0" loc="182" ncloc="182" packages="1" files="1" classes="1"/>
    <file name="server.js" path="/root/projects/tic-tac-toe-html5/server/server.js">
      <metrics statements="182" coveredstatements="0" conditionals="119" coveredconditionals="0" methods="17" coveredmethods="0"/>
      <line num="9" count="0" type="stmt"/>
      <line num="10" count="0" type="stmt"/>
      <line num="11" count="0" type="stmt"/>
      <line num="12" count="0" type="stmt"/>
      <line num="14" count="0" type="cond" truecount="0" falsecount="2"/>
      <line num="18" count="0" type="stmt"/>
      <line num="21" count="0" type="stmt"/>
      <line num="24" count="0" type="stmt"/>
      <line num="26" count="0" type="stmt"/>
      <line num="27" count="0" type="stmt"/>
      <line num="28" count="0" type="stmt"/>
      <line num="29" count="0" type="stmt"/>
      <line num="32" count="0" type="stmt"/>
      <line num="36" count="0" type="stmt"/>
      <line num="37" count="0" type="stmt"/>
      <line num="49" count="0" type="stmt"/>
      <line num="53" count="0" type="stmt"/>
      <line num="54" count="0" type="cond" truecount="0" falsecount="2"/>
      <line num="55" count="0" type="cond" truecount="0" falsecount="2"/>
      <line num="56" count="0" type="cond" truecount="0" falsecount="2"/>
      <line num="57" count="0" type="cond" truecount="0" falsecount="2"/>
      <line num="59" count="0" type="cond" truecount="0" falsecount="2"/>
      <line num="60" count="0" type="stmt"/>
      <line num="62" count="0" type="cond" truecount="0" falsecount="4"/>
      <line num="63" count="0" type="stmt"/>
      <line num="65" count="0" type="stmt"/>
      <line num="68" count="0" type="stmt"/>
      <line num="76" count="0" type="stmt"/>
      <line num="77" count="0" type="cond" truecount="0" falsecount="4"/>
      <line num="79" count="0" type="stmt"/>
      <line num="80" count="0" type="stmt"/>
      <line num="81" count="0" type="cond" truecount="0" falsecount="2"/>
      <line num="83" count="0" type="stmt"/>
      <line num="85" count="0" type="cond" truecount="0" falsecount="2"/>
      <line num="87" count="0" type="stmt"/>
      <line num="88" count="0" type="stmt"/>
      <line num="89" count="0" type="stmt"/>
      <line num="90" count="0" type="cond" truecount="0" falsecount="2"/>
      <line num="92" count="0" type="stmt"/>
      <line num="93" count="0" type="stmt"/>
      <line num="94" count="0" type="stmt"/>
      <line num="97" count="0" type="stmt"/>
      <line num="98" count="0" type="stmt"/>
      <line num="106" count="0" type="cond" truecount="0" falsecount="4"/>
      <line num="108" count="0" type="stmt"/>
      <line num="110" count="0" type="stmt"/>
      <line num="114" count="0" type="stmt"/>
      <line num="115" count="0" type="stmt"/>
      <line num="116" count="0" type="stmt"/>
      <line num="118" count="0" type="cond" truecount="0" falsecount="5"/>
      <line num="120" count="0" type="stmt"/>
      <line num="121" count="0" type="stmt"/>
      <line num="124" count="0" type="cond" truecount="0" falsecount="2"/>
      <line num="125" count="0" type="stmt"/>
      <line num="131" count="0" type="stmt"/>
      <line num="132" count="0" type="stmt"/>
      <line num="135" count="0" type="cond" truecount="0" falsecount="2"/>
      <line num="136" count="0" type="stmt"/>
      <line num="137" count="0" type="stmt"/>
      <line num="146" count="0" type="stmt"/>
      <line num="147" count="0" type="cond" truecount="0" falsecount="2"/>
      <line num="148" count="0" type="stmt"/>
      <line num="149" count="0" type="stmt"/>
      <line num="159" count="0" type="stmt"/>
      <line num="160" count="0" type="cond" truecount="0" falsecount="2"/>
      <line num="162" count="0" type="stmt"/>
      <line num="163" count="0" type="cond" truecount="0" falsecount="2"/>
      <line num="164" count="0" type="stmt"/>
      <line num="165" count="0" type="stmt"/>
      <line num="167" count="0" type="stmt"/>
      <line num="168" count="0" type="stmt"/>
      <line num="171" count="0" type="stmt"/>
      <line num="173" count="0" type="cond" truecount="0" falsecount="2"/>
      <line num="174" count="0" type="stmt"/>
      <line num="178" count="0" type="stmt"/>
      <line num="181" count="0" type="cond" truecount="0" falsecount="4"/>
      <line num="182" count="0" type="stmt"/>
      <line num="187" count="0" type="stmt"/>
      <line num="188" count="0" type="cond" truecount="0" falsecount="2"/>
      <line num="189" count="0" type="stmt"/>
      <line num="193" count="0" type="stmt"/>
      <line num="194" count="0" type="stmt"/>
      <line num="195" count="0" type="stmt"/>
      <line num="197" count="0" type="stmt"/>
      <line num="199" count="0" type="stmt"/>
      <line num="200" count="0" type="stmt"/>
      <line num="201" count="0" type="stmt"/>
      <line num="202" count="0" type="stmt"/>
      <line num="204" count="0" type="stmt"/>
      <line num="205" count="0" type="stmt"/>
      <line num="209" count="0" type="stmt"/>
      <line num="210" count="0" type="stmt"/>
      <line num="211" count="0" type="stmt"/>
      <line num="212" count="0" type="cond" truecount="0" falsecount="2"/>
      <line num="213" count="0" type="stmt"/>
      <line num="215" count="0" type="stmt"/>
      <line num="218" count="0" type="stmt"/>
      <line num="219" count="0" type="stmt"/>
      <line num="224" count="0" type="stmt"/>
      <line num="225" count="0" type="cond" truecount="0" falsecount="2"/>
      <line num="227" count="0" type="cond" truecount="0" falsecount="9"/>
      <line num="231" count="0" type="cond" truecount="0" falsecount="2"/>
      <line num="232" count="0" type="stmt"/>
      <line num="233" count="0" type="stmt"/>
      <line num="234" count="0" type="cond" truecount="0" falsecount="5"/>
      <line num="236" count="0" type="stmt"/>
      <line num="237" count="0" type="stmt"/>
      <line num="238" count="0" type="stmt"/>
      <line num="239" count="0" type="stmt"/>
      <line num="240" count="0" type="stmt"/>
      <line num="241" count="0" type="stmt"/>
      <line num="242" count="0" type="stmt"/>
      <line num="244" count="0" type="cond" truecount="0" falsecount="2"/>
      <line num="245" count="0" type="stmt"/>
      <line num="250" count="0" type="stmt"/>
      <line num="253" count="0" type="cond" truecount="0" falsecount="2"/>
      <line num="254" count="0" type="stmt"/>
      <line num="255" count="0" type="stmt"/>
      <line num="256" count="0" type="stmt"/>
      <line num="257" count="0" type="stmt"/>
      <line num="258" count="0" type="stmt"/>
      <line num="260" count="0" type="stmt"/>
      <line num="264" count="0" type="stmt"/>
      <line num="265" count="0" type="stmt"/>
      <line num="267" count="0" type="cond" truecount="0" falsecount="2"/>
      <line num="268" count="0" type="stmt"/>
      <line num="269" count="0" type="cond" truecount="0" falsecount="2"/>
      <line num="271" count="0" type="stmt"/>
      <line num="278" count="0" type="cond" truecount="0" falsecount="2"/>
      <line num="279" count="0" type="stmt"/>
      <line num="285" count="0" type="stmt"/>
      <line num="287" count="0" type="stmt"/>
      <line num="289" count="0" type="stmt"/>
      <line num="293" count="0" type="stmt"/>
      <line num="294" count="0" type="cond" truecount="0" falsecount="2"/>
      <line num="295" count="0" type="stmt"/>
      <line num="296" count="0" type="stmt"/>
      <line num="299" count="0" type="cond" truecount="0" falsecount="2"/>
      <line num="300" count="0" type="cond" truecount="0" falsecount="2"/>
      <line num="301" count="0" type="stmt"/>
      <line num="306" count="0" type="stmt"/>
      <line num="310" count="0" type="stmt"/>
      <line num="311" count="0" type="cond" truecount="0" falsecount="2"/>
      <line num="312" count="0" type="cond" truecount="0" falsecount="2"/>
      <line num="313" count="0" type="cond" truecount="0" falsecount="2"/>
      <line num="314" count="0" type="stmt"/>
      <line num="316" count="0" type="stmt"/>
      <line num="320" count="0" type="stmt"/>
      <line num="321" count="0" type="cond" truecount="0" falsecount="2"/>
      <line num="323" count="0" type="cond" truecount="0" falsecount="2"/>
      <line num="324" count="0" type="stmt"/>
      <line num="326" count="0" type="cond" truecount="0" falsecount="2"/>
      <line num="327" count="0" type="stmt"/>
      <line num="329" count="0" type="stmt"/>
      <line num="333" count="0" type="stmt"/>
      <line num="334" count="0" type="cond" truecount="0" falsecount="2"/>
      <line num="335" count="0" type="stmt"/>
      <line num="336" count="0" type="stmt"/>
      <line num="338" count="0" type="stmt"/>
      <line num="339" count="0" type="stmt"/>
      <line num="340" count="0" type="stmt"/>
      <line num="342" count="0" type="cond" truecount="0" falsecount="2"/>
      <line num="343" count="0" type="stmt"/>
      <line num="349" count="0" type="stmt"/>
      <line num="353" count="0" type="stmt"/>
      <line num="354" count="0" type="cond" truecount="0" falsecount="2"/>
      <line num="355" count="0" type="stmt"/>
      <line num="356" count="0" type="stmt"/>
      <line num="358" count="0" type="stmt"/>
      <line num="359" count="0" type="stmt"/>
      <line num="361" count="0" type="stmt"/>
      <line num="362" count="0" type="cond" truecount="0" falsecount="2"/>
      <line num="363" count="0" type="cond" truecount="0" falsecount="2"/>
      <line num="364" count="0" type="stmt"/>
      <line num="368" count="0" type="stmt"/>
      <line num="369" count="0" type="cond" truecount="0" falsecount="2"/>
      <line num="370" count="0" type="stmt"/>
      <line num="372" count="0" type="stmt"/>
      <line num="376" count="0" type="stmt"/>
      <line num="382" count="0" type="stmt"/>
      <line num="383" count="0" type="stmt"/>
      <line num="384" count="0" type="stmt"/>
    </file>
  </project>
</coverage>
