{"/root/projects/tic-tac-toe-html5/server/server.js": {"path":"/root/projects/tic-tac-toe-html5/server/server.js","statementMap":{"0":{"start":{"line":9,"column":18},"end":{"line":9,"column":31}},"1":{"start":{"line":10,"column":13},"end":{"line":10,"column":28}},"2":{"start":{"line":11,"column":11},"end":{"line":11,"column":24}},"3":{"start":{"line":12,"column":13},"end":{"line":12,"column":28}},"4":{"start":{"line":14,"column":13},"end":{"line":14,"column":37}},"5":{"start":{"line":18,"column":14},"end":{"line":18,"column":23}},"6":{"start":{"line":21,"column":16},"end":{"line":21,"column":25}},"7":{"start":{"line":24,"column":18},"end":{"line":24,"column":52}},"8":{"start":{"line":26,"column":4},"end":{"line":31,"column":30}},"9":{"start":{"line":27,"column":8},"end":{"line":27,"column":18}},"10":{"start":{"line":28,"column":8},"end":{"line":30,"column":9}},"11":{"start":{"line":28,"column":21},"end":{"line":28,"column":22}},"12":{"start":{"line":29,"column":12},"end":{"line":29,"column":68}},"13":{"start":{"line":32,"column":4},"end":{"line":32,"column":16}},"14":{"start":{"line":36,"column":19},"end":{"line":36,"column":37}},"15":{"start":{"line":37,"column":4},"end":{"line":48,"column":7}},"16":{"start":{"line":49,"column":4},"end":{"line":49,"column":18}},"17":{"start":{"line":53,"column":17},"end":{"line":53,"column":34}},"18":{"start":{"line":54,"column":4},"end":{"line":54,"column":67}},"19":{"start":{"line":54,"column":15},"end":{"line":54,"column":67}},"20":{"start":{"line":55,"column":4},"end":{"line":55,"column":83}},"21":{"start":{"line":55,"column":31},"end":{"line":55,"column":83}},"22":{"start":{"line":56,"column":4},"end":{"line":56,"column":72}},"23":{"start":{"line":56,"column":22},"end":{"line":56,"column":72}},"24":{"start":{"line":57,"column":4},"end":{"line":57,"column":96}},"25":{"start":{"line":57,"column":33},"end":{"line":57,"column":96}},"26":{"start":{"line":59,"column":4},"end":{"line":59,"column":42}},"27":{"start":{"line":60,"column":4},"end":{"line":60,"column":27}},"28":{"start":{"line":62,"column":4},"end":{"line":64,"column":5}},"29":{"start":{"line":63,"column":8},"end":{"line":63,"column":39}},"30":{"start":{"line":65,"column":4},"end":{"line":65,"column":35}},"31":{"start":{"line":68,"column":32},"end":{"line":68,"column":37}},"32":{"start":{"line":76,"column":19},"end":{"line":76,"column":40}},"33":{"start":{"line":77,"column":4},"end":{"line":77,"column":47}},"34":{"start":{"line":77,"column":35},"end":{"line":77,"column":47}},"35":{"start":{"line":79,"column":19},"end":{"line":79,"column":32}},"36":{"start":{"line":80,"column":17},"end":{"line":80,"column":34}},"37":{"start":{"line":81,"column":4},"end":{"line":81,"column":27}},"38":{"start":{"line":81,"column":15},"end":{"line":81,"column":27}},"39":{"start":{"line":83,"column":21},"end":{"line":83,"column":25}},"40":{"start":{"line":85,"column":4},"end":{"line":95,"column":5}},"41":{"start":{"line":87,"column":8},"end":{"line":87,"column":34}},"42":{"start":{"line":88,"column":8},"end":{"line":88,"column":45}},"43":{"start":{"line":89,"column":8},"end":{"line":89,"column":27}},"44":{"start":{"line":90,"column":11},"end":{"line":95,"column":5}},"45":{"start":{"line":92,"column":8},"end":{"line":92,"column":33}},"46":{"start":{"line":93,"column":8},"end":{"line":93,"column":30}},"47":{"start":{"line":94,"column":8},"end":{"line":94,"column":28}},"48":{"start":{"line":97,"column":4},"end":{"line":97,"column":25}},"49":{"start":{"line":98,"column":4},"end":{"line":98,"column":22}},"50":{"start":{"line":106,"column":4},"end":{"line":109,"column":5}},"51":{"start":{"line":108,"column":8},"end":{"line":108,"column":80}},"52":{"start":{"line":110,"column":4},"end":{"line":110,"column":25}},"53":{"start":{"line":114,"column":0},"end":{"line":128,"column":10}},"54":{"start":{"line":115,"column":16},"end":{"line":115,"column":26}},"55":{"start":{"line":116,"column":4},"end":{"line":127,"column":5}},"56":{"start":{"line":118,"column":8},"end":{"line":122,"column":9}},"57":{"start":{"line":120,"column":12},"end":{"line":120,"column":29}},"58":{"start":{"line":121,"column":12},"end":{"line":121,"column":21}},"59":{"start":{"line":124,"column":8},"end":{"line":126,"column":9}},"60":{"start":{"line":125,"column":12},"end":{"line":125,"column":29}},"61":{"start":{"line":131,"column":15},"end":{"line":176,"column":2}},"62":{"start":{"line":132,"column":16},"end":{"line":132,"column":37}},"63":{"start":{"line":135,"column":4},"end":{"line":143,"column":5}},"64":{"start":{"line":136,"column":8},"end":{"line":136,"column":67}},"65":{"start":{"line":137,"column":8},"end":{"line":142,"column":12}},"66":{"start":{"line":146,"column":22},"end":{"line":146,"column":48}},"67":{"start":{"line":147,"column":19},"end":{"line":147,"column":73}},"68":{"start":{"line":148,"column":16},"end":{"line":148,"column":38}},"69":{"start":{"line":149,"column":22},"end":{"line":157,"column":5}},"70":{"start":{"line":159,"column":4},"end":{"line":175,"column":7}},"71":{"start":{"line":160,"column":8},"end":{"line":172,"column":9}},"72":{"start":{"line":162,"column":12},"end":{"line":170,"column":15}},"73":{"start":{"line":163,"column":16},"end":{"line":169,"column":17}},"74":{"start":{"line":164,"column":20},"end":{"line":164,"column":39}},"75":{"start":{"line":165,"column":20},"end":{"line":165,"column":41}},"76":{"start":{"line":167,"column":20},"end":{"line":167,"column":72}},"77":{"start":{"line":168,"column":20},"end":{"line":168,"column":35}},"78":{"start":{"line":171,"column":12},"end":{"line":171,"column":19}},"79":{"start":{"line":173,"column":8},"end":{"line":173,"column":79}},"80":{"start":{"line":174,"column":8},"end":{"line":174,"column":22}},"81":{"start":{"line":178,"column":12},"end":{"line":178,"column":44}},"82":{"start":{"line":181,"column":4},"end":{"line":183,"column":5}},"83":{"start":{"line":182,"column":8},"end":{"line":182,"column":51}},"84":{"start":{"line":187,"column":19},"end":{"line":187,"column":40}},"85":{"start":{"line":188,"column":4},"end":{"line":190,"column":5}},"86":{"start":{"line":189,"column":8},"end":{"line":189,"column":38}},"87":{"start":{"line":193,"column":0},"end":{"line":221,"column":3}},"88":{"start":{"line":194,"column":21},"end":{"line":194,"column":71}},"89":{"start":{"line":195,"column":4},"end":{"line":195,"column":64}},"90":{"start":{"line":197,"column":4},"end":{"line":197,"column":67}},"91":{"start":{"line":199,"column":4},"end":{"line":207,"column":7}},"92":{"start":{"line":200,"column":8},"end":{"line":206,"column":9}},"93":{"start":{"line":201,"column":24},"end":{"line":201,"column":39}},"94":{"start":{"line":202,"column":12},"end":{"line":202,"column":41}},"95":{"start":{"line":204,"column":12},"end":{"line":204,"column":71}},"96":{"start":{"line":205,"column":12},"end":{"line":205,"column":71}},"97":{"start":{"line":209,"column":4},"end":{"line":216,"column":7}},"98":{"start":{"line":210,"column":8},"end":{"line":210,"column":49}},"99":{"start":{"line":211,"column":27},"end":{"line":211,"column":54}},"100":{"start":{"line":212,"column":8},"end":{"line":214,"column":9}},"101":{"start":{"line":213,"column":12},"end":{"line":213,"column":54}},"102":{"start":{"line":215,"column":8},"end":{"line":215,"column":33}},"103":{"start":{"line":218,"column":4},"end":{"line":220,"column":7}},"104":{"start":{"line":219,"column":8},"end":{"line":219,"column":62}},"105":{"start":{"line":224,"column":19},"end":{"line":224,"column":40}},"106":{"start":{"line":225,"column":4},"end":{"line":225,"column":24}},"107":{"start":{"line":225,"column":17},"end":{"line":225,"column":24}},"108":{"start":{"line":227,"column":4},"end":{"line":378,"column":5}},"109":{"start":{"line":231,"column":31},"end":{"line":231,"column":49}},"110":{"start":{"line":232,"column":32},"end":{"line":232,"column":36}},"111":{"start":{"line":233,"column":12},"end":{"line":252,"column":13}},"112":{"start":{"line":234,"column":16},"end":{"line":251,"column":17}},"113":{"start":{"line":236,"column":20},"end":{"line":236,"column":41}},"114":{"start":{"line":237,"column":20},"end":{"line":237,"column":52}},"115":{"start":{"line":238,"column":20},"end":{"line":238,"column":60}},"116":{"start":{"line":239,"column":20},"end":{"line":239,"column":39}},"117":{"start":{"line":240,"column":20},"end":{"line":240,"column":45}},"118":{"start":{"line":241,"column":20},"end":{"line":241,"column":70}},"119":{"start":{"line":242,"column":20},"end":{"line":242,"column":71}},"120":{"start":{"line":244,"column":20},"end":{"line":249,"column":21}},"121":{"start":{"line":245,"column":24},"end":{"line":248,"column":27}},"122":{"start":{"line":250,"column":20},"end":{"line":250,"column":26}},"123":{"start":{"line":253,"column":12},"end":{"line":259,"column":13}},"124":{"start":{"line":254,"column":31},"end":{"line":254,"column":63}},"125":{"start":{"line":255,"column":16},"end":{"line":255,"column":39}},"126":{"start":{"line":256,"column":16},"end":{"line":256,"column":41}},"127":{"start":{"line":257,"column":16},"end":{"line":257,"column":62}},"128":{"start":{"line":258,"column":16},"end":{"line":258,"column":69}},"129":{"start":{"line":260,"column":12},"end":{"line":260,"column":18}},"130":{"start":{"line":264,"column":27},"end":{"line":264,"column":51}},"131":{"start":{"line":265,"column":27},"end":{"line":265,"column":63}},"132":{"start":{"line":267,"column":12},"end":{"line":288,"column":13}},"133":{"start":{"line":268,"column":16},"end":{"line":268,"column":39}},"134":{"start":{"line":269,"column":16},"end":{"line":269,"column":50}},"135":{"start":{"line":271,"column":16},"end":{"line":275,"column":19}},"136":{"start":{"line":278,"column":16},"end":{"line":283,"column":17}},"137":{"start":{"line":279,"column":20},"end":{"line":282,"column":23}},"138":{"start":{"line":285,"column":16},"end":{"line":285,"column":65}},"139":{"start":{"line":287,"column":16},"end":{"line":287,"column":76}},"140":{"start":{"line":289,"column":12},"end":{"line":289,"column":18}},"141":{"start":{"line":293,"column":25},"end":{"line":293,"column":46}},"142":{"start":{"line":294,"column":12},"end":{"line":297,"column":13}},"143":{"start":{"line":295,"column":16},"end":{"line":295,"column":74}},"144":{"start":{"line":296,"column":16},"end":{"line":296,"column":23}},"145":{"start":{"line":299,"column":31},"end":{"line":299,"column":86}},"146":{"start":{"line":300,"column":12},"end":{"line":305,"column":13}},"147":{"start":{"line":301,"column":16},"end":{"line":304,"column":19}},"148":{"start":{"line":306,"column":12},"end":{"line":306,"column":18}},"149":{"start":{"line":310,"column":25},"end":{"line":310,"column":46}},"150":{"start":{"line":311,"column":12},"end":{"line":311,"column":30}},"151":{"start":{"line":311,"column":23},"end":{"line":311,"column":30}},"152":{"start":{"line":312,"column":31},"end":{"line":312,"column":86}},"153":{"start":{"line":313,"column":12},"end":{"line":315,"column":13}},"154":{"start":{"line":314,"column":16},"end":{"line":314,"column":62}},"155":{"start":{"line":316,"column":12},"end":{"line":316,"column":18}},"156":{"start":{"line":320,"column":25},"end":{"line":320,"column":46}},"157":{"start":{"line":321,"column":12},"end":{"line":321,"column":30}},"158":{"start":{"line":321,"column":23},"end":{"line":321,"column":30}},"159":{"start":{"line":323,"column":12},"end":{"line":325,"column":13}},"160":{"start":{"line":324,"column":16},"end":{"line":324,"column":62}},"161":{"start":{"line":326,"column":12},"end":{"line":328,"column":13}},"162":{"start":{"line":327,"column":16},"end":{"line":327,"column":63}},"163":{"start":{"line":329,"column":12},"end":{"line":329,"column":18}},"164":{"start":{"line":333,"column":25},"end":{"line":333,"column":46}},"165":{"start":{"line":334,"column":12},"end":{"line":337,"column":13}},"166":{"start":{"line":335,"column":16},"end":{"line":335,"column":74}},"167":{"start":{"line":336,"column":16},"end":{"line":336,"column":23}},"168":{"start":{"line":338,"column":12},"end":{"line":338,"column":36}},"169":{"start":{"line":339,"column":12},"end":{"line":339,"column":43}},"170":{"start":{"line":340,"column":12},"end":{"line":340,"column":45}},"171":{"start":{"line":342,"column":12},"end":{"line":348,"column":13}},"172":{"start":{"line":343,"column":16},"end":{"line":347,"column":19}},"173":{"start":{"line":349,"column":12},"end":{"line":349,"column":18}},"174":{"start":{"line":353,"column":25},"end":{"line":353,"column":46}},"175":{"start":{"line":354,"column":12},"end":{"line":357,"column":13}},"176":{"start":{"line":355,"column":16},"end":{"line":355,"column":74}},"177":{"start":{"line":356,"column":16},"end":{"line":356,"column":23}},"178":{"start":{"line":358,"column":12},"end":{"line":358,"column":44}},"179":{"start":{"line":359,"column":12},"end":{"line":359,"column":36}},"180":{"start":{"line":361,"column":30},"end":{"line":361,"column":72}},"181":{"start":{"line":362,"column":12},"end":{"line":362,"column":82}},"182":{"start":{"line":362,"column":29},"end":{"line":362,"column":82}},"183":{"start":{"line":363,"column":12},"end":{"line":363,"column":84}},"184":{"start":{"line":363,"column":30},"end":{"line":363,"column":84}},"185":{"start":{"line":364,"column":12},"end":{"line":364,"column":18}},"186":{"start":{"line":368,"column":31},"end":{"line":368,"column":58}},"187":{"start":{"line":369,"column":12},"end":{"line":371,"column":13}},"188":{"start":{"line":370,"column":16},"end":{"line":370,"column":58}},"189":{"start":{"line":372,"column":12},"end":{"line":372,"column":18}},"190":{"start":{"line":376,"column":12},"end":{"line":376,"column":81}},"191":{"start":{"line":382,"column":0},"end":{"line":385,"column":3}},"192":{"start":{"line":383,"column":4},"end":{"line":383,"column":62}},"193":{"start":{"line":384,"column":4},"end":{"line":384,"column":57}}},"fnMap":{"0":{"name":"generateRoomCode","decl":{"start":{"line":23,"column":9},"end":{"line":23,"column":25}},"loc":{"start":{"line":23,"column":28},"end":{"line":33,"column":1}},"line":23},"1":{"name":"createRoom","decl":{"start":{"line":35,"column":9},"end":{"line":35,"column":19}},"loc":{"start":{"line":35,"column":38},"end":{"line":50,"column":1}},"line":35},"2":{"name":"joinRoom","decl":{"start":{"line":52,"column":9},"end":{"line":52,"column":17}},"loc":{"start":{"line":52,"column":46},"end":{"line":66,"column":1}},"line":52},"3":{"name":"handlePlayerLeave","decl":{"start":{"line":75,"column":9},"end":{"line":75,"column":26}},"loc":{"start":{"line":75,"column":37},"end":{"line":99,"column":1}},"line":75},"4":{"name":"isRoomJoinable","decl":{"start":{"line":105,"column":9},"end":{"line":105,"column":23}},"loc":{"start":{"line":105,"column":30},"end":{"line":111,"column":1}},"line":105},"5":{"name":"(anonymous_5)","decl":{"start":{"line":114,"column":12},"end":{"line":114,"column":13}},"loc":{"start":{"line":114,"column":18},"end":{"line":128,"column":1}},"line":114},"6":{"name":"(anonymous_6)","decl":{"start":{"line":131,"column":33},"end":{"line":131,"column":34}},"loc":{"start":{"line":131,"column":47},"end":{"line":176,"column":1}},"line":131},"7":{"name":"(anonymous_7)","decl":{"start":{"line":159,"column":26},"end":{"line":159,"column":27}},"loc":{"start":{"line":159,"column":41},"end":{"line":175,"column":5}},"line":159},"8":{"name":"(anonymous_8)","decl":{"start":{"line":162,"column":60},"end":{"line":162,"column":61}},"loc":{"start":{"line":162,"column":77},"end":{"line":170,"column":13}},"line":162},"9":{"name":"sendTo","decl":{"start":{"line":180,"column":9},"end":{"line":180,"column":15}},"loc":{"start":{"line":180,"column":37},"end":{"line":184,"column":1}},"line":180},"10":{"name":"sendToPlayer","decl":{"start":{"line":186,"column":9},"end":{"line":186,"column":21}},"loc":{"start":{"line":186,"column":49},"end":{"line":191,"column":1}},"line":186},"11":{"name":"(anonymous_11)","decl":{"start":{"line":193,"column":21},"end":{"line":193,"column":22}},"loc":{"start":{"line":193,"column":29},"end":{"line":221,"column":1}},"line":193},"12":{"name":"(anonymous_12)","decl":{"start":{"line":199,"column":21},"end":{"line":199,"column":22}},"loc":{"start":{"line":199,"column":30},"end":{"line":207,"column":5}},"line":199},"13":{"name":"(anonymous_13)","decl":{"start":{"line":209,"column":19},"end":{"line":209,"column":20}},"loc":{"start":{"line":209,"column":25},"end":{"line":216,"column":5}},"line":209},"14":{"name":"(anonymous_14)","decl":{"start":{"line":218,"column":19},"end":{"line":218,"column":20}},"loc":{"start":{"line":218,"column":26},"end":{"line":220,"column":5}},"line":218},"15":{"name":"handleMessage","decl":{"start":{"line":223,"column":9},"end":{"line":223,"column":22}},"loc":{"start":{"line":223,"column":38},"end":{"line":379,"column":1}},"line":223},"16":{"name":"(anonymous_16)","decl":{"start":{"line":382,"column":20},"end":{"line":382,"column":21}},"loc":{"start":{"line":382,"column":26},"end":{"line":385,"column":1}},"line":382}},"branchMap":{"0":{"loc":{"start":{"line":14,"column":13},"end":{"line":14,"column":37}},"type":"binary-expr","locations":[{"start":{"line":14,"column":13},"end":{"line":14,"column":29}},{"start":{"line":14,"column":33},"end":{"line":14,"column":37}}],"line":14},"1":{"loc":{"start":{"line":38,"column":18},"end":{"line":38,"column":36}},"type":"binary-expr","locations":[{"start":{"line":38,"column":18},"end":{"line":38,"column":26}},{"start":{"line":38,"column":30},"end":{"line":38,"column":36}}],"line":38},"2":{"loc":{"start":{"line":54,"column":4},"end":{"line":54,"column":67}},"type":"if","locations":[{"start":{"line":54,"column":4},"end":{"line":54,"column":67}},{"start":{},"end":{}}],"line":54},"3":{"loc":{"start":{"line":55,"column":4},"end":{"line":55,"column":83}},"type":"if","locations":[{"start":{"line":55,"column":4},"end":{"line":55,"column":83}},{"start":{},"end":{}}],"line":55},"4":{"loc":{"start":{"line":56,"column":4},"end":{"line":56,"column":72}},"type":"if","locations":[{"start":{"line":56,"column":4},"end":{"line":56,"column":72}},{"start":{},"end":{}}],"line":56},"5":{"loc":{"start":{"line":57,"column":4},"end":{"line":57,"column":96}},"type":"if","locations":[{"start":{"line":57,"column":4},"end":{"line":57,"column":96}},{"start":{},"end":{}}],"line":57},"6":{"loc":{"start":{"line":59,"column":21},"end":{"line":59,"column":41}},"type":"binary-expr","locations":[{"start":{"line":59,"column":21},"end":{"line":59,"column":30}},{"start":{"line":59,"column":34},"end":{"line":59,"column":41}}],"line":59},"7":{"loc":{"start":{"line":62,"column":4},"end":{"line":64,"column":5}},"type":"if","locations":[{"start":{"line":62,"column":4},"end":{"line":64,"column":5}},{"start":{},"end":{}}],"line":62},"8":{"loc":{"start":{"line":62,"column":8},"end":{"line":62,"column":47}},"type":"binary-expr","locations":[{"start":{"line":62,"column":8},"end":{"line":62,"column":20}},{"start":{"line":62,"column":24},"end":{"line":62,"column":47}}],"line":62},"9":{"loc":{"start":{"line":77,"column":4},"end":{"line":77,"column":47}},"type":"if","locations":[{"start":{"line":77,"column":4},"end":{"line":77,"column":47}},{"start":{},"end":{}}],"line":77},"10":{"loc":{"start":{"line":77,"column":8},"end":{"line":77,"column":33}},"type":"binary-expr","locations":[{"start":{"line":77,"column":8},"end":{"line":77,"column":15}},{"start":{"line":77,"column":19},"end":{"line":77,"column":33}}],"line":77},"11":{"loc":{"start":{"line":81,"column":4},"end":{"line":81,"column":27}},"type":"if","locations":[{"start":{"line":81,"column":4},"end":{"line":81,"column":27}},{"start":{},"end":{}}],"line":81},"12":{"loc":{"start":{"line":85,"column":4},"end":{"line":95,"column":5}},"type":"if","locations":[{"start":{"line":85,"column":4},"end":{"line":95,"column":5}},{"start":{"line":90,"column":11},"end":{"line":95,"column":5}}],"line":85},"13":{"loc":{"start":{"line":90,"column":11},"end":{"line":95,"column":5}},"type":"if","locations":[{"start":{"line":90,"column":11},"end":{"line":95,"column":5}},{"start":{},"end":{}}],"line":90},"14":{"loc":{"start":{"line":106,"column":4},"end":{"line":109,"column":5}},"type":"if","locations":[{"start":{"line":106,"column":4},"end":{"line":109,"column":5}},{"start":{},"end":{}}],"line":106},"15":{"loc":{"start":{"line":106,"column":8},"end":{"line":106,"column":47}},"type":"binary-expr","locations":[{"start":{"line":106,"column":8},"end":{"line":106,"column":20}},{"start":{"line":106,"column":24},"end":{"line":106,"column":47}}],"line":106},"16":{"loc":{"start":{"line":118,"column":8},"end":{"line":122,"column":9}},"type":"if","locations":[{"start":{"line":118,"column":8},"end":{"line":122,"column":9}},{"start":{},"end":{}}],"line":118},"17":{"loc":{"start":{"line":118,"column":12},"end":{"line":119,"column":67}},"type":"binary-expr","locations":[{"start":{"line":118,"column":12},"end":{"line":118,"column":24}},{"start":{"line":118,"column":28},"end":{"line":118,"column":51}},{"start":{"line":119,"column":12},"end":{"line":119,"column":67}}],"line":118},"18":{"loc":{"start":{"line":124,"column":8},"end":{"line":126,"column":9}},"type":"if","locations":[{"start":{"line":124,"column":8},"end":{"line":126,"column":9}},{"start":{},"end":{}}],"line":124},"19":{"loc":{"start":{"line":135,"column":4},"end":{"line":143,"column":5}},"type":"if","locations":[{"start":{"line":135,"column":4},"end":{"line":143,"column":5}},{"start":{},"end":{}}],"line":135},"20":{"loc":{"start":{"line":147,"column":40},"end":{"line":147,"column":72}},"type":"cond-expr","locations":[{"start":{"line":147,"column":54},"end":{"line":147,"column":66}},{"start":{"line":147,"column":69},"end":{"line":147,"column":72}}],"line":147},"21":{"loc":{"start":{"line":160,"column":8},"end":{"line":172,"column":9}},"type":"if","locations":[{"start":{"line":160,"column":8},"end":{"line":172,"column":9}},{"start":{},"end":{}}],"line":160},"22":{"loc":{"start":{"line":163,"column":16},"end":{"line":169,"column":17}},"type":"if","locations":[{"start":{"line":163,"column":16},"end":{"line":169,"column":17}},{"start":{"line":166,"column":23},"end":{"line":169,"column":17}}],"line":163},"23":{"loc":{"start":{"line":173,"column":45},"end":{"line":173,"column":75}},"type":"binary-expr","locations":[{"start":{"line":173,"column":45},"end":{"line":173,"column":59}},{"start":{"line":173,"column":63},"end":{"line":173,"column":75}}],"line":173},"24":{"loc":{"start":{"line":180,"column":26},"end":{"line":180,"column":35}},"type":"default-arg","locations":[{"start":{"line":180,"column":33},"end":{"line":180,"column":35}}],"line":180},"25":{"loc":{"start":{"line":181,"column":4},"end":{"line":183,"column":5}},"type":"if","locations":[{"start":{"line":181,"column":4},"end":{"line":183,"column":5}},{"start":{},"end":{}}],"line":181},"26":{"loc":{"start":{"line":181,"column":8},"end":{"line":181,"column":46}},"type":"binary-expr","locations":[{"start":{"line":181,"column":8},"end":{"line":181,"column":10}},{"start":{"line":181,"column":14},"end":{"line":181,"column":46}}],"line":181},"27":{"loc":{"start":{"line":186,"column":38},"end":{"line":186,"column":47}},"type":"default-arg","locations":[{"start":{"line":186,"column":45},"end":{"line":186,"column":47}}],"line":186},"28":{"loc":{"start":{"line":188,"column":4},"end":{"line":190,"column":5}},"type":"if","locations":[{"start":{"line":188,"column":4},"end":{"line":190,"column":5}},{"start":{},"end":{}}],"line":188},"29":{"loc":{"start":{"line":212,"column":8},"end":{"line":214,"column":9}},"type":"if","locations":[{"start":{"line":212,"column":8},"end":{"line":214,"column":9}},{"start":{},"end":{}}],"line":212},"30":{"loc":{"start":{"line":225,"column":4},"end":{"line":225,"column":24}},"type":"if","locations":[{"start":{"line":225,"column":4},"end":{"line":225,"column":24}},{"start":{},"end":{}}],"line":225},"31":{"loc":{"start":{"line":227,"column":4},"end":{"line":378,"column":5}},"type":"switch","locations":[{"start":{"line":228,"column":8},"end":{"line":261,"column":9}},{"start":{"line":263,"column":8},"end":{"line":290,"column":9}},{"start":{"line":292,"column":8},"end":{"line":307,"column":9}},{"start":{"line":309,"column":8},"end":{"line":317,"column":9}},{"start":{"line":319,"column":8},"end":{"line":330,"column":9}},{"start":{"line":332,"column":8},"end":{"line":350,"column":9}},{"start":{"line":352,"column":8},"end":{"line":365,"column":9}},{"start":{"line":367,"column":8},"end":{"line":373,"column":9}},{"start":{"line":375,"column":8},"end":{"line":377,"column":9}}],"line":227},"32":{"loc":{"start":{"line":231,"column":31},"end":{"line":231,"column":49}},"type":"binary-expr","locations":[{"start":{"line":231,"column":31},"end":{"line":231,"column":39}},{"start":{"line":231,"column":43},"end":{"line":231,"column":49}}],"line":231},"33":{"loc":{"start":{"line":234,"column":16},"end":{"line":251,"column":17}},"type":"if","locations":[{"start":{"line":234,"column":16},"end":{"line":251,"column":17}},{"start":{},"end":{}}],"line":234},"34":{"loc":{"start":{"line":234,"column":20},"end":{"line":235,"column":48}},"type":"binary-expr","locations":[{"start":{"line":234,"column":20},"end":{"line":234,"column":32}},{"start":{"line":234,"column":36},"end":{"line":234,"column":59}},{"start":{"line":235,"column":20},"end":{"line":235,"column":48}}],"line":234},"35":{"loc":{"start":{"line":244,"column":20},"end":{"line":249,"column":21}},"type":"if","locations":[{"start":{"line":244,"column":20},"end":{"line":249,"column":21}},{"start":{},"end":{}}],"line":244},"36":{"loc":{"start":{"line":253,"column":12},"end":{"line":259,"column":13}},"type":"if","locations":[{"start":{"line":253,"column":12},"end":{"line":259,"column":13}},{"start":{},"end":{}}],"line":253},"37":{"loc":{"start":{"line":267,"column":12},"end":{"line":288,"column":13}},"type":"if","locations":[{"start":{"line":267,"column":12},"end":{"line":288,"column":13}},{"start":{"line":286,"column":19},"end":{"line":288,"column":13}}],"line":267},"38":{"loc":{"start":{"line":269,"column":30},"end":{"line":269,"column":49}},"type":"binary-expr","locations":[{"start":{"line":269,"column":30},"end":{"line":269,"column":38}},{"start":{"line":269,"column":42},"end":{"line":269,"column":49}}],"line":269},"39":{"loc":{"start":{"line":278,"column":16},"end":{"line":283,"column":17}},"type":"if","locations":[{"start":{"line":278,"column":16},"end":{"line":283,"column":17}},{"start":{},"end":{}}],"line":278},"40":{"loc":{"start":{"line":294,"column":12},"end":{"line":297,"column":13}},"type":"if","locations":[{"start":{"line":294,"column":12},"end":{"line":297,"column":13}},{"start":{},"end":{}}],"line":294},"41":{"loc":{"start":{"line":299,"column":31},"end":{"line":299,"column":86}},"type":"cond-expr","locations":[{"start":{"line":299,"column":60},"end":{"line":299,"column":72}},{"start":{"line":299,"column":75},"end":{"line":299,"column":86}}],"line":299},"42":{"loc":{"start":{"line":300,"column":12},"end":{"line":305,"column":13}},"type":"if","locations":[{"start":{"line":300,"column":12},"end":{"line":305,"column":13}},{"start":{},"end":{}}],"line":300},"43":{"loc":{"start":{"line":311,"column":12},"end":{"line":311,"column":30}},"type":"if","locations":[{"start":{"line":311,"column":12},"end":{"line":311,"column":30}},{"start":{},"end":{}}],"line":311},"44":{"loc":{"start":{"line":312,"column":31},"end":{"line":312,"column":86}},"type":"cond-expr","locations":[{"start":{"line":312,"column":60},"end":{"line":312,"column":72}},{"start":{"line":312,"column":75},"end":{"line":312,"column":86}}],"line":312},"45":{"loc":{"start":{"line":313,"column":12},"end":{"line":315,"column":13}},"type":"if","locations":[{"start":{"line":313,"column":12},"end":{"line":315,"column":13}},{"start":{},"end":{}}],"line":313},"46":{"loc":{"start":{"line":321,"column":12},"end":{"line":321,"column":30}},"type":"if","locations":[{"start":{"line":321,"column":12},"end":{"line":321,"column":30}},{"start":{},"end":{}}],"line":321},"47":{"loc":{"start":{"line":323,"column":12},"end":{"line":325,"column":13}},"type":"if","locations":[{"start":{"line":323,"column":12},"end":{"line":325,"column":13}},{"start":{},"end":{}}],"line":323},"48":{"loc":{"start":{"line":326,"column":12},"end":{"line":328,"column":13}},"type":"if","locations":[{"start":{"line":326,"column":12},"end":{"line":328,"column":13}},{"start":{},"end":{}}],"line":326},"49":{"loc":{"start":{"line":334,"column":12},"end":{"line":337,"column":13}},"type":"if","locations":[{"start":{"line":334,"column":12},"end":{"line":337,"column":13}},{"start":{},"end":{}}],"line":334},"50":{"loc":{"start":{"line":342,"column":12},"end":{"line":348,"column":13}},"type":"if","locations":[{"start":{"line":342,"column":12},"end":{"line":348,"column":13}},{"start":{},"end":{}}],"line":342},"51":{"loc":{"start":{"line":346,"column":33},"end":{"line":346,"column":53}},"type":"binary-expr","locations":[{"start":{"line":346,"column":33},"end":{"line":346,"column":48}},{"start":{"line":346,"column":52},"end":{"line":346,"column":53}}],"line":346},"52":{"loc":{"start":{"line":354,"column":12},"end":{"line":357,"column":13}},"type":"if","locations":[{"start":{"line":354,"column":12},"end":{"line":357,"column":13}},{"start":{},"end":{}}],"line":354},"53":{"loc":{"start":{"line":362,"column":12},"end":{"line":362,"column":82}},"type":"if","locations":[{"start":{"line":362,"column":12},"end":{"line":362,"column":82}},{"start":{},"end":{}}],"line":362},"54":{"loc":{"start":{"line":363,"column":12},"end":{"line":363,"column":84}},"type":"if","locations":[{"start":{"line":363,"column":12},"end":{"line":363,"column":84}},{"start":{},"end":{}}],"line":363},"55":{"loc":{"start":{"line":369,"column":12},"end":{"line":371,"column":13}},"type":"if","locations":[{"start":{"line":369,"column":12},"end":{"line":371,"column":13}},{"start":{},"end":{}}],"line":369}},"s":{"0":0,"1":0,"2":0,"3":0,"4":0,"5":0,"6":0,"7":0,"8":0,"9":0,"10":0,"11":0,"12":0,"13":0,"14":0,"15":0,"16":0,"17":0,"18":0,"19":0,"20":0,"21":0,"22":0,"23":0,"24":0,"25":0,"26":0,"27":0,"28":0,"29":0,"30":0,"31":0,"32":0,"33":0,"34":0,"35":0,"36":0,"37":0,"38":0,"39":0,"40":0,"41":0,"42":0,"43":0,"44":0,"45":0,"46":0,"47":0,"48":0,"49":0,"50":0,"51":0,"52":0,"53":0,"54":0,"55":0,"56":0,"57":0,"58":0,"59":0,"60":0,"61":0,"62":0,"63":0,"64":0,"65":0,"66":0,"67":0,"68":0,"69":0,"70":0,"71":0,"72":0,"73":0,"74":0,"75":0,"76":0,"77":0,"78":0,"79":0,"80":0,"81":0,"82":0,"83":0,"84":0,"85":0,"86":0,"87":0,"88":0,"89":0,"90":0,"91":0,"92":0,"93":0,"94":0,"95":0,"96":0,"97":0,"98":0,"99":0,"100":0,"101":0,"102":0,"103":0,"104":0,"105":0,"106":0,"107":0,"108":0,"109":0,"110":0,"111":0,"112":0,"113":0,"114":0,"115":0,"116":0,"117":0,"118":0,"119":0,"120":0,"121":0,"122":0,"123":0,"124":0,"125":0,"126":0,"127":0,"128":0,"129":0,"130":0,"131":0,"132":0,"133":0,"134":0,"135":0,"136":0,"137":0,"138":0,"139":0,"140":0,"141":0,"142":0,"143":0,"144":0,"145":0,"146":0,"147":0,"148":0,"149":0,"150":0,"151":0,"152":0,"153":0,"154":0,"155":0,"156":0,"157":0,"158":0,"159":0,"160":0,"161":0,"162":0,"163":0,"164":0,"165":0,"166":0,"167":0,"168":0,"169":0,"170":0,"171":0,"172":0,"173":0,"174":0,"175":0,"176":0,"177":0,"178":0,"179":0,"180":0,"181":0,"182":0,"183":0,"184":0,"185":0,"186":0,"187":0,"188":0,"189":0,"190":0,"191":0,"192":0,"193":0},"f":{"0":0,"1":0,"2":0,"3":0,"4":0,"5":0,"6":0,"7":0,"8":0,"9":0,"10":0,"11":0,"12":0,"13":0,"14":0,"15":0,"16":0},"b":{"0":[0,0],"1":[0,0],"2":[0,0],"3":[0,0],"4":[0,0],"5":[0,0],"6":[0,0],"7":[0,0],"8":[0,0],"9":[0,0],"10":[0,0],"11":[0,0],"12":[0,0],"13":[0,0],"14":[0,0],"15":[0,0],"16":[0,0],"17":[0,0,0],"18":[0,0],"19":[0,0],"20":[0,0],"21":[0,0],"22":[0,0],"23":[0,0],"24":[0],"25":[0,0],"26":[0,0],"27":[0],"28":[0,0],"29":[0,0],"30":[0,0],"31":[0,0,0,0,0,0,0,0,0],"32":[0,0],"33":[0,0],"34":[0,0,0],"35":[0,0],"36":[0,0],"37":[0,0],"38":[0,0],"39":[0,0],"40":[0,0],"41":[0,0],"42":[0,0],"43":[0,0],"44":[0,0],"45":[0,0],"46":[0,0],"47":[0,0],"48":[0,0],"49":[0,0],"50":[0,0],"51":[0,0],"52":[0,0],"53":[0,0],"54":[0,0],"55":[0,0]}}
}
