{"/root/projects/tic-tac-toe-html5/server/server.js": {"path":"/root/projects/tic-tac-toe-html5/server/server.js","statementMap":{"0":{"start":{"line":9,"column":18},"end":{"line":9,"column":31}},"1":{"start":{"line":10,"column":13},"end":{"line":10,"column":28}},"2":{"start":{"line":11,"column":11},"end":{"line":11,"column":24}},"3":{"start":{"line":12,"column":13},"end":{"line":12,"column":28}},"4":{"start":{"line":14,"column":13},"end":{"line":14,"column":37}},"5":{"start":{"line":18,"column":14},"end":{"line":18,"column":23}},"6":{"start":{"line":21,"column":16},"end":{"line":21,"column":25}},"7":{"start":{"line":24,"column":18},"end":{"line":24,"column":52}},"8":{"start":{"line":26,"column":4},"end":{"line":31,"column":30}},"9":{"start":{"line":27,"column":8},"end":{"line":27,"column":18}},"10":{"start":{"line":28,"column":8},"end":{"line":30,"column":9}},"11":{"start":{"line":28,"column":21},"end":{"line":28,"column":22}},"12":{"start":{"line":29,"column":12},"end":{"line":29,"column":68}},"13":{"start":{"line":32,"column":4},"end":{"line":32,"column":16}},"14":{"start":{"line":36,"column":19},"end":{"line":36,"column":37}},"15":{"start":{"line":37,"column":4},"end":{"line":48,"column":7}},"16":{"start":{"line":49,"column":4},"end":{"line":49,"column":18}},"17":{"start":{"line":53,"column":17},"end":{"line":53,"column":34}},"18":{"start":{"line":54,"column":4},"end":{"line":54,"column":83}},"19":{"start":{"line":54,"column":31},"end":{"line":54,"column":83}},"20":{"start":{"line":55,"column":4},"end":{"line":55,"column":72}},"21":{"start":{"line":55,"column":22},"end":{"line":55,"column":72}},"22":{"start":{"line":56,"column":4},"end":{"line":56,"column":96}},"23":{"start":{"line":56,"column":33},"end":{"line":56,"column":96}},"24":{"start":{"line":58,"column":4},"end":{"line":58,"column":42}},"25":{"start":{"line":59,"column":4},"end":{"line":59,"column":27}},"26":{"start":{"line":60,"column":4},"end":{"line":60,"column":35}},"27":{"start":{"line":68,"column":19},"end":{"line":68,"column":40}},"28":{"start":{"line":69,"column":4},"end":{"line":69,"column":47}},"29":{"start":{"line":69,"column":35},"end":{"line":69,"column":47}},"30":{"start":{"line":71,"column":19},"end":{"line":71,"column":32}},"31":{"start":{"line":72,"column":17},"end":{"line":72,"column":34}},"32":{"start":{"line":73,"column":4},"end":{"line":73,"column":27}},"33":{"start":{"line":73,"column":15},"end":{"line":73,"column":27}},"34":{"start":{"line":76,"column":23},"end":{"line":76,"column":78}},"35":{"start":{"line":79,"column":4},"end":{"line":79,"column":25}},"36":{"start":{"line":80,"column":4},"end":{"line":80,"column":70}},"37":{"start":{"line":83,"column":4},"end":{"line":83,"column":25}},"38":{"start":{"line":85,"column":4},"end":{"line":85,"column":22}},"39":{"start":{"line":92,"column":4},"end":{"line":92,"column":42}},"40":{"start":{"line":96,"column":0},"end":{"line":104,"column":10}},"41":{"start":{"line":97,"column":16},"end":{"line":97,"column":26}},"42":{"start":{"line":98,"column":4},"end":{"line":103,"column":5}},"43":{"start":{"line":100,"column":8},"end":{"line":102,"column":9}},"44":{"start":{"line":101,"column":12},"end":{"line":101,"column":29}},"45":{"start":{"line":107,"column":15},"end":{"line":152,"column":2}},"46":{"start":{"line":108,"column":16},"end":{"line":108,"column":37}},"47":{"start":{"line":111,"column":4},"end":{"line":119,"column":5}},"48":{"start":{"line":112,"column":8},"end":{"line":112,"column":67}},"49":{"start":{"line":113,"column":8},"end":{"line":118,"column":12}},"50":{"start":{"line":122,"column":22},"end":{"line":122,"column":48}},"51":{"start":{"line":123,"column":19},"end":{"line":123,"column":73}},"52":{"start":{"line":124,"column":16},"end":{"line":124,"column":38}},"53":{"start":{"line":125,"column":22},"end":{"line":133,"column":5}},"54":{"start":{"line":135,"column":4},"end":{"line":151,"column":7}},"55":{"start":{"line":136,"column":8},"end":{"line":148,"column":9}},"56":{"start":{"line":138,"column":12},"end":{"line":146,"column":15}},"57":{"start":{"line":139,"column":16},"end":{"line":145,"column":17}},"58":{"start":{"line":140,"column":20},"end":{"line":140,"column":39}},"59":{"start":{"line":141,"column":20},"end":{"line":141,"column":41}},"60":{"start":{"line":143,"column":20},"end":{"line":143,"column":72}},"61":{"start":{"line":144,"column":20},"end":{"line":144,"column":35}},"62":{"start":{"line":147,"column":12},"end":{"line":147,"column":19}},"63":{"start":{"line":149,"column":8},"end":{"line":149,"column":79}},"64":{"start":{"line":150,"column":8},"end":{"line":150,"column":22}},"65":{"start":{"line":154,"column":12},"end":{"line":154,"column":44}},"66":{"start":{"line":157,"column":4},"end":{"line":159,"column":5}},"67":{"start":{"line":158,"column":8},"end":{"line":158,"column":51}},"68":{"start":{"line":163,"column":19},"end":{"line":163,"column":40}},"69":{"start":{"line":164,"column":4},"end":{"line":166,"column":5}},"70":{"start":{"line":165,"column":8},"end":{"line":165,"column":38}},"71":{"start":{"line":169,"column":0},"end":{"line":197,"column":3}},"72":{"start":{"line":170,"column":21},"end":{"line":170,"column":71}},"73":{"start":{"line":171,"column":4},"end":{"line":171,"column":64}},"74":{"start":{"line":173,"column":4},"end":{"line":173,"column":67}},"75":{"start":{"line":175,"column":4},"end":{"line":183,"column":7}},"76":{"start":{"line":176,"column":8},"end":{"line":182,"column":9}},"77":{"start":{"line":177,"column":24},"end":{"line":177,"column":39}},"78":{"start":{"line":178,"column":12},"end":{"line":178,"column":41}},"79":{"start":{"line":180,"column":12},"end":{"line":180,"column":71}},"80":{"start":{"line":181,"column":12},"end":{"line":181,"column":71}},"81":{"start":{"line":185,"column":4},"end":{"line":192,"column":7}},"82":{"start":{"line":186,"column":8},"end":{"line":186,"column":49}},"83":{"start":{"line":187,"column":27},"end":{"line":187,"column":54}},"84":{"start":{"line":188,"column":8},"end":{"line":190,"column":9}},"85":{"start":{"line":189,"column":12},"end":{"line":189,"column":54}},"86":{"start":{"line":191,"column":8},"end":{"line":191,"column":33}},"87":{"start":{"line":194,"column":4},"end":{"line":196,"column":7}},"88":{"start":{"line":195,"column":8},"end":{"line":195,"column":62}},"89":{"start":{"line":200,"column":19},"end":{"line":200,"column":40}},"90":{"start":{"line":201,"column":4},"end":{"line":201,"column":24}},"91":{"start":{"line":201,"column":17},"end":{"line":201,"column":24}},"92":{"start":{"line":203,"column":4},"end":{"line":370,"column":5}},"93":{"start":{"line":205,"column":31},"end":{"line":205,"column":49}},"94":{"start":{"line":206,"column":27},"end":{"line":206,"column":59}},"95":{"start":{"line":207,"column":12},"end":{"line":207,"column":35}},"96":{"start":{"line":208,"column":12},"end":{"line":208,"column":37}},"97":{"start":{"line":209,"column":12},"end":{"line":209,"column":58}},"98":{"start":{"line":210,"column":12},"end":{"line":210,"column":65}},"99":{"start":{"line":211,"column":12},"end":{"line":211,"column":18}},"100":{"start":{"line":215,"column":27},"end":{"line":215,"column":51}},"101":{"start":{"line":216,"column":27},"end":{"line":216,"column":63}},"102":{"start":{"line":218,"column":12},"end":{"line":239,"column":13}},"103":{"start":{"line":219,"column":16},"end":{"line":219,"column":39}},"104":{"start":{"line":220,"column":16},"end":{"line":220,"column":50}},"105":{"start":{"line":222,"column":16},"end":{"line":226,"column":19}},"106":{"start":{"line":229,"column":16},"end":{"line":234,"column":17}},"107":{"start":{"line":230,"column":20},"end":{"line":233,"column":23}},"108":{"start":{"line":236,"column":16},"end":{"line":236,"column":65}},"109":{"start":{"line":238,"column":16},"end":{"line":238,"column":76}},"110":{"start":{"line":240,"column":12},"end":{"line":240,"column":18}},"111":{"start":{"line":244,"column":25},"end":{"line":244,"column":46}},"112":{"start":{"line":245,"column":12},"end":{"line":248,"column":13}},"113":{"start":{"line":246,"column":16},"end":{"line":246,"column":74}},"114":{"start":{"line":247,"column":16},"end":{"line":247,"column":23}},"115":{"start":{"line":250,"column":31},"end":{"line":250,"column":86}},"116":{"start":{"line":251,"column":12},"end":{"line":256,"column":13}},"117":{"start":{"line":252,"column":16},"end":{"line":255,"column":19}},"118":{"start":{"line":257,"column":12},"end":{"line":257,"column":18}},"119":{"start":{"line":261,"column":25},"end":{"line":261,"column":46}},"120":{"start":{"line":262,"column":12},"end":{"line":262,"column":30}},"121":{"start":{"line":262,"column":23},"end":{"line":262,"column":30}},"122":{"start":{"line":263,"column":31},"end":{"line":263,"column":86}},"123":{"start":{"line":264,"column":12},"end":{"line":266,"column":13}},"124":{"start":{"line":265,"column":16},"end":{"line":265,"column":62}},"125":{"start":{"line":267,"column":12},"end":{"line":267,"column":18}},"126":{"start":{"line":271,"column":25},"end":{"line":271,"column":46}},"127":{"start":{"line":272,"column":12},"end":{"line":272,"column":30}},"128":{"start":{"line":272,"column":23},"end":{"line":272,"column":30}},"129":{"start":{"line":274,"column":12},"end":{"line":274,"column":37}},"130":{"start":{"line":275,"column":12},"end":{"line":275,"column":38}},"131":{"start":{"line":276,"column":12},"end":{"line":276,"column":27}},"132":{"start":{"line":277,"column":12},"end":{"line":277,"column":37}},"133":{"start":{"line":279,"column":12},"end":{"line":281,"column":13}},"134":{"start":{"line":280,"column":16},"end":{"line":280,"column":62}},"135":{"start":{"line":282,"column":12},"end":{"line":284,"column":13}},"136":{"start":{"line":283,"column":16},"end":{"line":283,"column":63}},"137":{"start":{"line":285,"column":12},"end":{"line":285,"column":84}},"138":{"start":{"line":286,"column":12},"end":{"line":286,"column":18}},"139":{"start":{"line":292,"column":25},"end":{"line":292,"column":46}},"140":{"start":{"line":293,"column":12},"end":{"line":296,"column":13}},"141":{"start":{"line":294,"column":16},"end":{"line":294,"column":74}},"142":{"start":{"line":295,"column":16},"end":{"line":295,"column":23}},"143":{"start":{"line":298,"column":12},"end":{"line":302,"column":13}},"144":{"start":{"line":299,"column":16},"end":{"line":299,"column":42}},"145":{"start":{"line":300,"column":19},"end":{"line":302,"column":13}},"146":{"start":{"line":301,"column":16},"end":{"line":301,"column":43}},"147":{"start":{"line":304,"column":31},"end":{"line":304,"column":86}},"148":{"start":{"line":305,"column":12},"end":{"line":307,"column":13}},"149":{"start":{"line":306,"column":16},"end":{"line":306,"column":55}},"150":{"start":{"line":309,"column":12},"end":{"line":336,"column":13}},"151":{"start":{"line":310,"column":35},"end":{"line":310,"column":72}},"152":{"start":{"line":311,"column":28},"end":{"line":311,"column":42}},"153":{"start":{"line":312,"column":30},"end":{"line":312,"column":60}},"154":{"start":{"line":313,"column":16},"end":{"line":313,"column":40}},"155":{"start":{"line":314,"column":16},"end":{"line":314,"column":40}},"156":{"start":{"line":316,"column":16},"end":{"line":324,"column":17}},"157":{"start":{"line":317,"column":20},"end":{"line":323,"column":23}},"158":{"start":{"line":326,"column":16},"end":{"line":334,"column":17}},"159":{"start":{"line":327,"column":20},"end":{"line":333,"column":23}},"160":{"start":{"line":335,"column":16},"end":{"line":335,"column":122}},"161":{"start":{"line":337,"column":12},"end":{"line":337,"column":18}},"162":{"start":{"line":341,"column":25},"end":{"line":341,"column":46}},"163":{"start":{"line":342,"column":12},"end":{"line":342,"column":30}},"164":{"start":{"line":342,"column":23},"end":{"line":342,"column":30}},"165":{"start":{"line":344,"column":12},"end":{"line":344,"column":91}},"166":{"start":{"line":344,"column":29},"end":{"line":344,"column":91}},"167":{"start":{"line":345,"column":12},"end":{"line":345,"column":93}},"168":{"start":{"line":345,"column":30},"end":{"line":345,"column":93}},"169":{"start":{"line":346,"column":12},"end":{"line":346,"column":18}},"170":{"start":{"line":350,"column":25},"end":{"line":350,"column":46}},"171":{"start":{"line":351,"column":12},"end":{"line":351,"column":51}},"172":{"start":{"line":351,"column":44},"end":{"line":351,"column":51}},"173":{"start":{"line":353,"column":30},"end":{"line":353,"column":72}},"174":{"start":{"line":354,"column":12},"end":{"line":354,"column":79}},"175":{"start":{"line":354,"column":29},"end":{"line":354,"column":79}},"176":{"start":{"line":355,"column":12},"end":{"line":355,"column":81}},"177":{"start":{"line":355,"column":30},"end":{"line":355,"column":81}},"178":{"start":{"line":356,"column":12},"end":{"line":356,"column":18}},"179":{"start":{"line":360,"column":31},"end":{"line":360,"column":58}},"180":{"start":{"line":361,"column":12},"end":{"line":363,"column":13}},"181":{"start":{"line":362,"column":16},"end":{"line":362,"column":58}},"182":{"start":{"line":364,"column":12},"end":{"line":364,"column":18}},"183":{"start":{"line":368,"column":12},"end":{"line":368,"column":81}},"184":{"start":{"line":374,"column":0},"end":{"line":377,"column":3}},"185":{"start":{"line":375,"column":4},"end":{"line":375,"column":62}},"186":{"start":{"line":376,"column":4},"end":{"line":376,"column":57}}},"fnMap":{"0":{"name":"generateRoomCode","decl":{"start":{"line":23,"column":9},"end":{"line":23,"column":25}},"loc":{"start":{"line":23,"column":28},"end":{"line":33,"column":1}},"line":23},"1":{"name":"createRoom","decl":{"start":{"line":35,"column":9},"end":{"line":35,"column":19}},"loc":{"start":{"line":35,"column":38},"end":{"line":50,"column":1}},"line":35},"2":{"name":"joinRoom","decl":{"start":{"line":52,"column":9},"end":{"line":52,"column":17}},"loc":{"start":{"line":52,"column":46},"end":{"line":61,"column":1}},"line":52},"3":{"name":"handlePlayerLeave","decl":{"start":{"line":67,"column":9},"end":{"line":67,"column":26}},"loc":{"start":{"line":67,"column":37},"end":{"line":86,"column":1}},"line":67},"4":{"name":"isRoomJoinable","decl":{"start":{"line":91,"column":9},"end":{"line":91,"column":23}},"loc":{"start":{"line":91,"column":30},"end":{"line":93,"column":1}},"line":91},"5":{"name":"(anonymous_5)","decl":{"start":{"line":96,"column":12},"end":{"line":96,"column":13}},"loc":{"start":{"line":96,"column":18},"end":{"line":104,"column":1}},"line":96},"6":{"name":"(anonymous_6)","decl":{"start":{"line":107,"column":33},"end":{"line":107,"column":34}},"loc":{"start":{"line":107,"column":47},"end":{"line":152,"column":1}},"line":107},"7":{"name":"(anonymous_7)","decl":{"start":{"line":135,"column":26},"end":{"line":135,"column":27}},"loc":{"start":{"line":135,"column":41},"end":{"line":151,"column":5}},"line":135},"8":{"name":"(anonymous_8)","decl":{"start":{"line":138,"column":60},"end":{"line":138,"column":61}},"loc":{"start":{"line":138,"column":77},"end":{"line":146,"column":13}},"line":138},"9":{"name":"sendTo","decl":{"start":{"line":156,"column":9},"end":{"line":156,"column":15}},"loc":{"start":{"line":156,"column":37},"end":{"line":160,"column":1}},"line":156},"10":{"name":"sendToPlayer","decl":{"start":{"line":162,"column":9},"end":{"line":162,"column":21}},"loc":{"start":{"line":162,"column":49},"end":{"line":167,"column":1}},"line":162},"11":{"name":"(anonymous_11)","decl":{"start":{"line":169,"column":21},"end":{"line":169,"column":22}},"loc":{"start":{"line":169,"column":29},"end":{"line":197,"column":1}},"line":169},"12":{"name":"(anonymous_12)","decl":{"start":{"line":175,"column":21},"end":{"line":175,"column":22}},"loc":{"start":{"line":175,"column":30},"end":{"line":183,"column":5}},"line":175},"13":{"name":"(anonymous_13)","decl":{"start":{"line":185,"column":19},"end":{"line":185,"column":20}},"loc":{"start":{"line":185,"column":25},"end":{"line":192,"column":5}},"line":185},"14":{"name":"(anonymous_14)","decl":{"start":{"line":194,"column":19},"end":{"line":194,"column":20}},"loc":{"start":{"line":194,"column":26},"end":{"line":196,"column":5}},"line":194},"15":{"name":"handleMessage","decl":{"start":{"line":199,"column":9},"end":{"line":199,"column":22}},"loc":{"start":{"line":199,"column":38},"end":{"line":371,"column":1}},"line":199},"16":{"name":"(anonymous_16)","decl":{"start":{"line":374,"column":20},"end":{"line":374,"column":21}},"loc":{"start":{"line":374,"column":26},"end":{"line":377,"column":1}},"line":374}},"branchMap":{"0":{"loc":{"start":{"line":14,"column":13},"end":{"line":14,"column":37}},"type":"binary-expr","locations":[{"start":{"line":14,"column":13},"end":{"line":14,"column":29}},{"start":{"line":14,"column":33},"end":{"line":14,"column":37}}],"line":14},"1":{"loc":{"start":{"line":38,"column":18},"end":{"line":38,"column":36}},"type":"binary-expr","locations":[{"start":{"line":38,"column":18},"end":{"line":38,"column":26}},{"start":{"line":38,"column":30},"end":{"line":38,"column":36}}],"line":38},"2":{"loc":{"start":{"line":54,"column":4},"end":{"line":54,"column":83}},"type":"if","locations":[{"start":{"line":54,"column":4},"end":{"line":54,"column":83}},{"start":{},"end":{}}],"line":54},"3":{"loc":{"start":{"line":54,"column":8},"end":{"line":54,"column":29}},"type":"binary-expr","locations":[{"start":{"line":54,"column":8},"end":{"line":54,"column":13}},{"start":{"line":54,"column":17},"end":{"line":54,"column":29}}],"line":54},"4":{"loc":{"start":{"line":55,"column":4},"end":{"line":55,"column":72}},"type":"if","locations":[{"start":{"line":55,"column":4},"end":{"line":55,"column":72}},{"start":{},"end":{}}],"line":55},"5":{"loc":{"start":{"line":56,"column":4},"end":{"line":56,"column":96}},"type":"if","locations":[{"start":{"line":56,"column":4},"end":{"line":56,"column":96}},{"start":{},"end":{}}],"line":56},"6":{"loc":{"start":{"line":58,"column":21},"end":{"line":58,"column":41}},"type":"binary-expr","locations":[{"start":{"line":58,"column":21},"end":{"line":58,"column":30}},{"start":{"line":58,"column":34},"end":{"line":58,"column":41}}],"line":58},"7":{"loc":{"start":{"line":69,"column":4},"end":{"line":69,"column":47}},"type":"if","locations":[{"start":{"line":69,"column":4},"end":{"line":69,"column":47}},{"start":{},"end":{}}],"line":69},"8":{"loc":{"start":{"line":69,"column":8},"end":{"line":69,"column":33}},"type":"binary-expr","locations":[{"start":{"line":69,"column":8},"end":{"line":69,"column":15}},{"start":{"line":69,"column":19},"end":{"line":69,"column":33}}],"line":69},"9":{"loc":{"start":{"line":73,"column":4},"end":{"line":73,"column":27}},"type":"if","locations":[{"start":{"line":73,"column":4},"end":{"line":73,"column":27}},{"start":{},"end":{}}],"line":73},"10":{"loc":{"start":{"line":76,"column":23},"end":{"line":76,"column":78}},"type":"cond-expr","locations":[{"start":{"line":76,"column":52},"end":{"line":76,"column":64}},{"start":{"line":76,"column":67},"end":{"line":76,"column":78}}],"line":76},"11":{"loc":{"start":{"line":92,"column":11},"end":{"line":92,"column":41}},"type":"binary-expr","locations":[{"start":{"line":92,"column":11},"end":{"line":92,"column":24}},{"start":{"line":92,"column":28},"end":{"line":92,"column":41}}],"line":92},"12":{"loc":{"start":{"line":100,"column":8},"end":{"line":102,"column":9}},"type":"if","locations":[{"start":{"line":100,"column":8},"end":{"line":102,"column":9}},{"start":{},"end":{}}],"line":100},"13":{"loc":{"start":{"line":111,"column":4},"end":{"line":119,"column":5}},"type":"if","locations":[{"start":{"line":111,"column":4},"end":{"line":119,"column":5}},{"start":{},"end":{}}],"line":111},"14":{"loc":{"start":{"line":123,"column":40},"end":{"line":123,"column":72}},"type":"cond-expr","locations":[{"start":{"line":123,"column":54},"end":{"line":123,"column":66}},{"start":{"line":123,"column":69},"end":{"line":123,"column":72}}],"line":123},"15":{"loc":{"start":{"line":136,"column":8},"end":{"line":148,"column":9}},"type":"if","locations":[{"start":{"line":136,"column":8},"end":{"line":148,"column":9}},{"start":{},"end":{}}],"line":136},"16":{"loc":{"start":{"line":139,"column":16},"end":{"line":145,"column":17}},"type":"if","locations":[{"start":{"line":139,"column":16},"end":{"line":145,"column":17}},{"start":{"line":142,"column":23},"end":{"line":145,"column":17}}],"line":139},"17":{"loc":{"start":{"line":149,"column":45},"end":{"line":149,"column":75}},"type":"binary-expr","locations":[{"start":{"line":149,"column":45},"end":{"line":149,"column":59}},{"start":{"line":149,"column":63},"end":{"line":149,"column":75}}],"line":149},"18":{"loc":{"start":{"line":156,"column":26},"end":{"line":156,"column":35}},"type":"default-arg","locations":[{"start":{"line":156,"column":33},"end":{"line":156,"column":35}}],"line":156},"19":{"loc":{"start":{"line":157,"column":4},"end":{"line":159,"column":5}},"type":"if","locations":[{"start":{"line":157,"column":4},"end":{"line":159,"column":5}},{"start":{},"end":{}}],"line":157},"20":{"loc":{"start":{"line":157,"column":8},"end":{"line":157,"column":46}},"type":"binary-expr","locations":[{"start":{"line":157,"column":8},"end":{"line":157,"column":10}},{"start":{"line":157,"column":14},"end":{"line":157,"column":46}}],"line":157},"21":{"loc":{"start":{"line":162,"column":38},"end":{"line":162,"column":47}},"type":"default-arg","locations":[{"start":{"line":162,"column":45},"end":{"line":162,"column":47}}],"line":162},"22":{"loc":{"start":{"line":164,"column":4},"end":{"line":166,"column":5}},"type":"if","locations":[{"start":{"line":164,"column":4},"end":{"line":166,"column":5}},{"start":{},"end":{}}],"line":164},"23":{"loc":{"start":{"line":188,"column":8},"end":{"line":190,"column":9}},"type":"if","locations":[{"start":{"line":188,"column":8},"end":{"line":190,"column":9}},{"start":{},"end":{}}],"line":188},"24":{"loc":{"start":{"line":201,"column":4},"end":{"line":201,"column":24}},"type":"if","locations":[{"start":{"line":201,"column":4},"end":{"line":201,"column":24}},{"start":{},"end":{}}],"line":201},"25":{"loc":{"start":{"line":203,"column":4},"end":{"line":370,"column":5}},"type":"switch","locations":[{"start":{"line":204,"column":8},"end":{"line":212,"column":9}},{"start":{"line":214,"column":8},"end":{"line":241,"column":9}},{"start":{"line":243,"column":8},"end":{"line":258,"column":9}},{"start":{"line":260,"column":8},"end":{"line":268,"column":9}},{"start":{"line":270,"column":8},"end":{"line":287,"column":9}},{"start":{"line":291,"column":8},"end":{"line":338,"column":9}},{"start":{"line":340,"column":8},"end":{"line":347,"column":9}},{"start":{"line":349,"column":8},"end":{"line":357,"column":9}},{"start":{"line":359,"column":8},"end":{"line":365,"column":9}},{"start":{"line":367,"column":8},"end":{"line":369,"column":9}}],"line":203},"26":{"loc":{"start":{"line":205,"column":31},"end":{"line":205,"column":49}},"type":"binary-expr","locations":[{"start":{"line":205,"column":31},"end":{"line":205,"column":39}},{"start":{"line":205,"column":43},"end":{"line":205,"column":49}}],"line":205},"27":{"loc":{"start":{"line":218,"column":12},"end":{"line":239,"column":13}},"type":"if","locations":[{"start":{"line":218,"column":12},"end":{"line":239,"column":13}},{"start":{"line":237,"column":19},"end":{"line":239,"column":13}}],"line":218},"28":{"loc":{"start":{"line":220,"column":30},"end":{"line":220,"column":49}},"type":"binary-expr","locations":[{"start":{"line":220,"column":30},"end":{"line":220,"column":38}},{"start":{"line":220,"column":42},"end":{"line":220,"column":49}}],"line":220},"29":{"loc":{"start":{"line":229,"column":16},"end":{"line":234,"column":17}},"type":"if","locations":[{"start":{"line":229,"column":16},"end":{"line":234,"column":17}},{"start":{},"end":{}}],"line":229},"30":{"loc":{"start":{"line":245,"column":12},"end":{"line":248,"column":13}},"type":"if","locations":[{"start":{"line":245,"column":12},"end":{"line":248,"column":13}},{"start":{},"end":{}}],"line":245},"31":{"loc":{"start":{"line":250,"column":31},"end":{"line":250,"column":86}},"type":"cond-expr","locations":[{"start":{"line":250,"column":60},"end":{"line":250,"column":72}},{"start":{"line":250,"column":75},"end":{"line":250,"column":86}}],"line":250},"32":{"loc":{"start":{"line":251,"column":12},"end":{"line":256,"column":13}},"type":"if","locations":[{"start":{"line":251,"column":12},"end":{"line":256,"column":13}},{"start":{},"end":{}}],"line":251},"33":{"loc":{"start":{"line":262,"column":12},"end":{"line":262,"column":30}},"type":"if","locations":[{"start":{"line":262,"column":12},"end":{"line":262,"column":30}},{"start":{},"end":{}}],"line":262},"34":{"loc":{"start":{"line":263,"column":31},"end":{"line":263,"column":86}},"type":"cond-expr","locations":[{"start":{"line":263,"column":60},"end":{"line":263,"column":72}},{"start":{"line":263,"column":75},"end":{"line":263,"column":86}}],"line":263},"35":{"loc":{"start":{"line":264,"column":12},"end":{"line":266,"column":13}},"type":"if","locations":[{"start":{"line":264,"column":12},"end":{"line":266,"column":13}},{"start":{},"end":{}}],"line":264},"36":{"loc":{"start":{"line":272,"column":12},"end":{"line":272,"column":30}},"type":"if","locations":[{"start":{"line":272,"column":12},"end":{"line":272,"column":30}},{"start":{},"end":{}}],"line":272},"37":{"loc":{"start":{"line":279,"column":12},"end":{"line":281,"column":13}},"type":"if","locations":[{"start":{"line":279,"column":12},"end":{"line":281,"column":13}},{"start":{},"end":{}}],"line":279},"38":{"loc":{"start":{"line":282,"column":12},"end":{"line":284,"column":13}},"type":"if","locations":[{"start":{"line":282,"column":12},"end":{"line":284,"column":13}},{"start":{},"end":{}}],"line":282},"39":{"loc":{"start":{"line":293,"column":12},"end":{"line":296,"column":13}},"type":"if","locations":[{"start":{"line":293,"column":12},"end":{"line":296,"column":13}},{"start":{},"end":{}}],"line":293},"40":{"loc":{"start":{"line":298,"column":12},"end":{"line":302,"column":13}},"type":"if","locations":[{"start":{"line":298,"column":12},"end":{"line":302,"column":13}},{"start":{"line":300,"column":19},"end":{"line":302,"column":13}}],"line":298},"41":{"loc":{"start":{"line":300,"column":19},"end":{"line":302,"column":13}},"type":"if","locations":[{"start":{"line":300,"column":19},"end":{"line":302,"column":13}},{"start":{},"end":{}}],"line":300},"42":{"loc":{"start":{"line":304,"column":31},"end":{"line":304,"column":86}},"type":"cond-expr","locations":[{"start":{"line":304,"column":60},"end":{"line":304,"column":72}},{"start":{"line":304,"column":75},"end":{"line":304,"column":86}}],"line":304},"43":{"loc":{"start":{"line":305,"column":12},"end":{"line":307,"column":13}},"type":"if","locations":[{"start":{"line":305,"column":12},"end":{"line":307,"column":13}},{"start":{},"end":{}}],"line":305},"44":{"loc":{"start":{"line":309,"column":12},"end":{"line":336,"column":13}},"type":"if","locations":[{"start":{"line":309,"column":12},"end":{"line":336,"column":13}},{"start":{},"end":{}}],"line":309},"45":{"loc":{"start":{"line":309,"column":16},"end":{"line":309,"column":73}},"type":"binary-expr","locations":[{"start":{"line":309,"column":16},"end":{"line":309,"column":42}},{"start":{"line":309,"column":46},"end":{"line":309,"column":73}}],"line":309},"46":{"loc":{"start":{"line":316,"column":16},"end":{"line":324,"column":17}},"type":"if","locations":[{"start":{"line":316,"column":16},"end":{"line":324,"column":17}},{"start":{},"end":{}}],"line":316},"47":{"loc":{"start":{"line":326,"column":16},"end":{"line":334,"column":17}},"type":"if","locations":[{"start":{"line":326,"column":16},"end":{"line":334,"column":17}},{"start":{},"end":{}}],"line":326},"48":{"loc":{"start":{"line":342,"column":12},"end":{"line":342,"column":30}},"type":"if","locations":[{"start":{"line":342,"column":12},"end":{"line":342,"column":30}},{"start":{},"end":{}}],"line":342},"49":{"loc":{"start":{"line":344,"column":12},"end":{"line":344,"column":91}},"type":"if","locations":[{"start":{"line":344,"column":12},"end":{"line":344,"column":91}},{"start":{},"end":{}}],"line":344},"50":{"loc":{"start":{"line":345,"column":12},"end":{"line":345,"column":93}},"type":"if","locations":[{"start":{"line":345,"column":12},"end":{"line":345,"column":93}},{"start":{},"end":{}}],"line":345},"51":{"loc":{"start":{"line":351,"column":12},"end":{"line":351,"column":51}},"type":"if","locations":[{"start":{"line":351,"column":12},"end":{"line":351,"column":51}},{"start":{},"end":{}}],"line":351},"52":{"loc":{"start":{"line":351,"column":16},"end":{"line":351,"column":42}},"type":"binary-expr","locations":[{"start":{"line":351,"column":16},"end":{"line":351,"column":21}},{"start":{"line":351,"column":25},"end":{"line":351,"column":42}}],"line":351},"53":{"loc":{"start":{"line":354,"column":12},"end":{"line":354,"column":79}},"type":"if","locations":[{"start":{"line":354,"column":12},"end":{"line":354,"column":79}},{"start":{},"end":{}}],"line":354},"54":{"loc":{"start":{"line":355,"column":12},"end":{"line":355,"column":81}},"type":"if","locations":[{"start":{"line":355,"column":12},"end":{"line":355,"column":81}},{"start":{},"end":{}}],"line":355},"55":{"loc":{"start":{"line":361,"column":12},"end":{"line":363,"column":13}},"type":"if","locations":[{"start":{"line":361,"column":12},"end":{"line":363,"column":13}},{"start":{},"end":{}}],"line":361}},"s":{"0":0,"1":0,"2":0,"3":0,"4":0,"5":0,"6":0,"7":0,"8":0,"9":0,"10":0,"11":0,"12":0,"13":0,"14":0,"15":0,"16":0,"17":0,"18":0,"19":0,"20":0,"21":0,"22":0,"23":0,"24":0,"25":0,"26":0,"27":0,"28":0,"29":0,"30":0,"31":0,"32":0,"33":0,"34":0,"35":0,"36":0,"37":0,"38":0,"39":0,"40":0,"41":0,"42":0,"43":0,"44":0,"45":0,"46":0,"47":0,"48":0,"49":0,"50":0,"51":0,"52":0,"53":0,"54":0,"55":0,"56":0,"57":0,"58":0,"59":0,"60":0,"61":0,"62":0,"63":0,"64":0,"65":0,"66":0,"67":0,"68":0,"69":0,"70":0,"71":0,"72":0,"73":0,"74":0,"75":0,"76":0,"77":0,"78":0,"79":0,"80":0,"81":0,"82":0,"83":0,"84":0,"85":0,"86":0,"87":0,"88":0,"89":0,"90":0,"91":0,"92":0,"93":0,"94":0,"95":0,"96":0,"97":0,"98":0,"99":0,"100":0,"101":0,"102":0,"103":0,"104":0,"105":0,"106":0,"107":0,"108":0,"109":0,"110":0,"111":0,"112":0,"113":0,"114":0,"115":0,"116":0,"117":0,"118":0,"119":0,"120":0,"121":0,"122":0,"123":0,"124":0,"125":0,"126":0,"127":0,"128":0,"129":0,"130":0,"131":0,"132":0,"133":0,"134":0,"135":0,"136":0,"137":0,"138":0,"139":0,"140":0,"141":0,"142":0,"143":0,"144":0,"145":0,"146":0,"147":0,"148":0,"149":0,"150":0,"151":0,"152":0,"153":0,"154":0,"155":0,"156":0,"157":0,"158":0,"159":0,"160":0,"161":0,"162":0,"163":0,"164":0,"165":0,"166":0,"167":0,"168":0,"169":0,"170":0,"171":0,"172":0,"173":0,"174":0,"175":0,"176":0,"177":0,"178":0,"179":0,"180":0,"181":0,"182":0,"183":0,"184":0,"185":0,"186":0},"f":{"0":0,"1":0,"2":0,"3":0,"4":0,"5":0,"6":0,"7":0,"8":0,"9":0,"10":0,"11":0,"12":0,"13":0,"14":0,"15":0,"16":0},"b":{"0":[0,0],"1":[0,0],"2":[0,0],"3":[0,0],"4":[0,0],"5":[0,0],"6":[0,0],"7":[0,0],"8":[0,0],"9":[0,0],"10":[0,0],"11":[0,0],"12":[0,0],"13":[0,0],"14":[0,0],"15":[0,0],"16":[0,0],"17":[0,0],"18":[0],"19":[0,0],"20":[0,0],"21":[0],"22":[0,0],"23":[0,0],"24":[0,0],"25":[0,0,0,0,0,0,0,0,0,0],"26":[0,0],"27":[0,0],"28":[0,0],"29":[0,0],"30":[0,0],"31":[0,0],"32":[0,0],"33":[0,0],"34":[0,0],"35":[0,0],"36":[0,0],"37":[0,0],"38":[0,0],"39":[0,0],"40":[0,0],"41":[0,0],"42":[0,0],"43":[0,0],"44":[0,0],"45":[0,0],"46":[0,0],"47":[0,0],"48":[0,0],"49":[0,0],"50":[0,0],"51":[0,0],"52":[0,0],"53":[0,0],"54":[0,0],"55":[0,0]}}
}
