TN:
SF:server/server.js
FN:23,generateRoomCode
FN:35,createRoom
FN:53,joinRoom
FN:68,handlePlayerLeave
FN:92,isRoomJoinable
FN:97,(anonymous_5)
FN:108,(anonymous_6)
FN:136,(anonymous_7)
FN:139,(anonymous_8)
FN:157,sendTo
FN:163,sendToPlayer
FN:170,(anonymous_11)
FN:176,(anonymous_12)
FN:186,(anonymous_13)
FN:195,(anonymous_14)
FN:200,handleMessage
FN:424,(anonymous_16)
FNF:17
FNH:0
FNDA:0,generateRoomCode
FNDA:0,createRoom
FNDA:0,joinRoom
FNDA:0,handlePlayerLeave
FNDA:0,isRoomJoinable
FNDA:0,(anonymous_5)
FNDA:0,(anonymous_6)
FNDA:0,(anonymous_7)
FNDA:0,(anonymous_8)
FNDA:0,sendTo
FNDA:0,sendToPlayer
FNDA:0,(anonymous_11)
FNDA:0,(anonymous_12)
FNDA:0,(anonymous_13)
FNDA:0,(anonymous_14)
FNDA:0,handleMessage
FNDA:0,(anonymous_16)
DA:9,0
DA:10,0
DA:11,0
DA:12,0
DA:14,0
DA:18,0
DA:21,0
DA:24,0
DA:26,0
DA:27,0
DA:28,0
DA:29,0
DA:32,0
DA:36,0
DA:37,0
DA:50,0
DA:54,0
DA:55,0
DA:56,0
DA:57,0
DA:59,0
DA:60,0
DA:61,0
DA:69,0
DA:70,0
DA:72,0
DA:73,0
DA:74,0
DA:77,0
DA:80,0
DA:81,0
DA:84,0
DA:86,0
DA:93,0
DA:97,0
DA:98,0
DA:99,0
DA:101,0
DA:102,0
DA:108,0
DA:109,0
DA:112,0
DA:113,0
DA:114,0
DA:123,0
DA:124,0
DA:125,0
DA:126,0
DA:136,0
DA:137,0
DA:139,0
DA:140,0
DA:141,0
DA:142,0
DA:144,0
DA:145,0
DA:148,0
DA:150,0
DA:151,0
DA:155,0
DA:158,0
DA:159,0
DA:164,0
DA:165,0
DA:166,0
DA:170,0
DA:171,0
DA:172,0
DA:174,0
DA:176,0
DA:177,0
DA:178,0
DA:179,0
DA:181,0
DA:182,0
DA:186,0
DA:187,0
DA:188,0
DA:189,0
DA:190,0
DA:192,0
DA:195,0
DA:196,0
DA:201,0
DA:202,0
DA:204,0
DA:211,0
DA:212,0
DA:213,0
DA:214,0
DA:215,0
DA:216,0
DA:217,0
DA:224,0
DA:228,0
DA:229,0
DA:231,0
DA:232,0
DA:233,0
DA:236,0
DA:237,0
DA:245,0
DA:246,0
DA:253,0
DA:255,0
DA:257,0
DA:261,0
DA:262,0
DA:263,0
DA:264,0
DA:267,0
DA:268,0
DA:269,0
DA:274,0
DA:278,0
DA:279,0
DA:280,0
DA:281,0
DA:282,0
DA:284,0
DA:288,0
DA:289,0
DA:291,0
DA:292,0
DA:293,0
DA:294,0
DA:296,0
DA:297,0
DA:299,0
DA:300,0
DA:302,0
DA:303,0
DA:309,0
DA:310,0
DA:311,0
DA:312,0
DA:315,0
DA:316,0
DA:317,0
DA:318,0
DA:321,0
DA:322,0
DA:323,0
DA:326,0
DA:327,0
DA:328,0
DA:329,0
DA:330,0
DA:331,0
DA:333,0
DA:334,0
DA:343,0
DA:344,0
DA:352,0
DA:354,0
DA:358,0
DA:359,0
DA:361,0
DA:362,0
DA:363,0
DA:367,0
DA:368,0
DA:370,0
DA:371,0
DA:372,0
DA:373,0
DA:377,0
DA:378,0
DA:379,0
DA:381,0
DA:386,0
DA:387,0
DA:388,0
DA:389,0
DA:390,0
DA:391,0
DA:393,0
DA:394,0
DA:402,0
DA:404,0
DA:405,0
DA:415,0
DA:418,0
DA:424,0
DA:425,0
DA:426,0
LF:186
LH:0
BRDA:14,0,0,0
BRDA:14,0,1,0
BRDA:39,1,0,0
BRDA:39,1,1,0
BRDA:55,2,0,0
BRDA:55,2,1,0
BRDA:55,3,0,0
BRDA:55,3,1,0
BRDA:56,4,0,0
BRDA:56,4,1,0
BRDA:57,5,0,0
BRDA:57,5,1,0
BRDA:59,6,0,0
BRDA:59,6,1,0
BRDA:70,7,0,0
BRDA:70,7,1,0
BRDA:70,8,0,0
BRDA:70,8,1,0
BRDA:74,9,0,0
BRDA:74,9,1,0
BRDA:77,10,0,0
BRDA:77,10,1,0
BRDA:93,11,0,0
BRDA:93,11,1,0
BRDA:101,12,0,0
BRDA:101,12,1,0
BRDA:112,13,0,0
BRDA:112,13,1,0
BRDA:124,14,0,0
BRDA:124,14,1,0
BRDA:137,15,0,0
BRDA:137,15,1,0
BRDA:140,16,0,0
BRDA:140,16,1,0
BRDA:150,17,0,0
BRDA:150,17,1,0
BRDA:157,18,0,0
BRDA:158,19,0,0
BRDA:158,19,1,0
BRDA:158,20,0,0
BRDA:158,20,1,0
BRDA:163,21,0,0
BRDA:165,22,0,0
BRDA:165,22,1,0
BRDA:189,23,0,0
BRDA:189,23,1,0
BRDA:202,24,0,0
BRDA:202,24,1,0
BRDA:204,25,0,0
BRDA:204,25,1,0
BRDA:204,25,2,0
BRDA:204,25,3,0
BRDA:204,25,4,0
BRDA:204,25,5,0
BRDA:204,25,6,0
BRDA:204,25,7,0
BRDA:204,25,8,0
BRDA:204,25,9,0
BRDA:204,25,10,0
BRDA:211,26,0,0
BRDA:211,26,1,0
BRDA:224,27,0,0
BRDA:224,27,1,0
BRDA:224,28,0,0
BRDA:224,28,1,0
BRDA:231,29,0,0
BRDA:231,29,1,0
BRDA:233,30,0,0
BRDA:233,30,1,0
BRDA:236,31,0,0
BRDA:236,31,1,0
BRDA:245,32,0,0
BRDA:245,32,1,0
BRDA:247,33,0,0
BRDA:247,33,1,0
BRDA:262,34,0,0
BRDA:262,34,1,0
BRDA:267,35,0,0
BRDA:267,35,1,0
BRDA:268,36,0,0
BRDA:268,36,1,0
BRDA:279,37,0,0
BRDA:279,37,1,0
BRDA:280,38,0,0
BRDA:280,38,1,0
BRDA:281,39,0,0
BRDA:281,39,1,0
BRDA:289,40,0,0
BRDA:289,40,1,0
BRDA:296,41,0,0
BRDA:296,41,1,0
BRDA:299,42,0,0
BRDA:299,42,1,0
BRDA:310,43,0,0
BRDA:310,43,1,0
BRDA:315,44,0,0
BRDA:315,44,1,0
BRDA:317,45,0,0
BRDA:317,45,1,0
BRDA:321,46,0,0
BRDA:321,46,1,0
BRDA:322,47,0,0
BRDA:322,47,1,0
BRDA:326,48,0,0
BRDA:326,48,1,0
BRDA:326,49,0,0
BRDA:326,49,1,0
BRDA:333,50,0,0
BRDA:333,50,1,0
BRDA:343,51,0,0
BRDA:343,51,1,0
BRDA:359,52,0,0
BRDA:359,52,1,0
BRDA:361,53,0,0
BRDA:361,53,1,0
BRDA:362,54,0,0
BRDA:362,54,1,0
BRDA:368,55,0,0
BRDA:368,55,1,0
BRDA:368,56,0,0
BRDA:368,56,1,0
BRDA:371,57,0,0
BRDA:371,57,1,0
BRDA:372,58,0,0
BRDA:372,58,1,0
BRDA:378,59,0,0
BRDA:378,59,1,0
BRDA:387,60,0,0
BRDA:387,60,1,0
BRDA:389,61,0,0
BRDA:389,61,1,0
BRDA:390,62,0,0
BRDA:390,62,1,0
BRDA:391,63,0,0
BRDA:391,63,1,0
BRDA:393,64,0,0
BRDA:393,64,1,0
BRDA:402,65,0,0
BRDA:402,65,1,0
BRDA:404,66,0,0
BRDA:404,66,1,0
BRF:141
BRH:0
end_of_record
